INFO:     Will watch for changes in these directories: ['/home/rino/deploy/backend']
INFO:     Uvicorn running on http://0.0.0.0:8010 (Press CTRL+C to quit)
INFO:     Started reloader process [948275] using StatReload
INFO:     Started server process [948285]
INFO:     Waiting for application startup.
INFO:     Application startup complete.
INFO:     102.17.105.208:0 - "OPTIONS /ask HTTP/1.0" 200 OK
INFO:     102.17.105.208:0 - "POST /ask HTTP/1.0" 500 Internal Server Error
ERROR:    Exception in ASGI application
Traceback (most recent call last):
  File "/home/rino/deploy/lib64/python3.9/site-packages/uvicorn/protocols/http/h11_impl.py", line 403, in run_asgi
    result = await app(  # type: ignore[func-returns-value]
  File "/home/rino/deploy/lib64/python3.9/site-packages/uvicorn/middleware/proxy_headers.py", line 60, in __call__
    return await self.app(scope, receive, send)
  File "/home/rino/deploy/lib64/python3.9/site-packages/fastapi/applications.py", line 1054, in __call__
    await super().__call__(scope, receive, send)
  File "/home/rino/deploy/lib64/python3.9/site-packages/starlette/applications.py", line 112, in __call__
    await self.middleware_stack(scope, receive, send)
  File "/home/rino/deploy/lib64/python3.9/site-packages/starlette/middleware/errors.py", line 187, in __call__
    raise exc
  File "/home/rino/deploy/lib64/python3.9/site-packages/starlette/middleware/errors.py", line 165, in __call__
    await self.app(scope, receive, _send)
  File "/home/rino/deploy/lib64/python3.9/site-packages/starlette/middleware/cors.py", line 93, in __call__
    await self.simple_response(scope, receive, send, request_headers=headers)
  File "/home/rino/deploy/lib64/python3.9/site-packages/starlette/middleware/cors.py", line 144, in simple_response
    await self.app(scope, receive, send)
  File "/home/rino/deploy/lib64/python3.9/site-packages/starlette/middleware/exceptions.py", line 62, in __call__
    await wrap_app_handling_exceptions(self.app, conn)(scope, receive, send)
  File "/home/rino/deploy/lib64/python3.9/site-packages/starlette/_exception_handler.py", line 53, in wrapped_app
    raise exc
  File "/home/rino/deploy/lib64/python3.9/site-packages/starlette/_exception_handler.py", line 42, in wrapped_app
    await app(scope, receive, sender)
  File "/home/rino/deploy/lib64/python3.9/site-packages/starlette/routing.py", line 714, in __call__
    await self.middleware_stack(scope, receive, send)
  File "/home/rino/deploy/lib64/python3.9/site-packages/starlette/routing.py", line 734, in app
    await route.handle(scope, receive, send)
  File "/home/rino/deploy/lib64/python3.9/site-packages/starlette/routing.py", line 288, in handle
    await self.app(scope, receive, send)
  File "/home/rino/deploy/lib64/python3.9/site-packages/starlette/routing.py", line 76, in app
    await wrap_app_handling_exceptions(app, request)(scope, receive, send)
  File "/home/rino/deploy/lib64/python3.9/site-packages/starlette/_exception_handler.py", line 53, in wrapped_app
    raise exc
  File "/home/rino/deploy/lib64/python3.9/site-packages/starlette/_exception_handler.py", line 42, in wrapped_app
    await app(scope, receive, sender)
  File "/home/rino/deploy/lib64/python3.9/site-packages/starlette/routing.py", line 73, in app
    response = await f(request)
  File "/home/rino/deploy/lib64/python3.9/site-packages/fastapi/routing.py", line 301, in app
    raw_response = await run_endpoint_function(
  File "/home/rino/deploy/lib64/python3.9/site-packages/fastapi/routing.py", line 214, in run_endpoint_function
    return await run_in_threadpool(dependant.call, **values)
  File "/home/rino/deploy/lib64/python3.9/site-packages/starlette/concurrency.py", line 37, in run_in_threadpool
    return await anyio.to_thread.run_sync(func)
  File "/home/rino/deploy/lib64/python3.9/site-packages/anyio/to_thread.py", line 56, in run_sync
    return await get_async_backend().run_sync_in_worker_thread(
  File "/home/rino/deploy/lib64/python3.9/site-packages/anyio/_backends/_asyncio.py", line 2470, in run_sync_in_worker_thread
    return await future
  File "/home/rino/deploy/lib64/python3.9/site-packages/anyio/_backends/_asyncio.py", line 967, in run
    result = context.run(func, *args)
  File "/home/rino/deploy/backend/main.py", line 135, in ask_question
    max_ctx = get_memoire_contextuelle(req.chatbot_id)
  File "/home/rino/deploy/backend/main.py", line 88, in get_memoire_contextuelle
    return int(response.data.get("memoire_contextuelle", 0))
TypeError: int() argument must be a string, a bytes-like object or a number, not 'NoneType'
INFO:     102.17.105.208:0 - "POST /ask HTTP/1.0" 500 Internal Server Error
ERROR:    Exception in ASGI application
Traceback (most recent call last):
  File "/home/rino/deploy/lib64/python3.9/site-packages/uvicorn/protocols/http/h11_impl.py", line 403, in run_asgi
    result = await app(  # type: ignore[func-returns-value]
  File "/home/rino/deploy/lib64/python3.9/site-packages/uvicorn/middleware/proxy_headers.py", line 60, in __call__
    return await self.app(scope, receive, send)
  File "/home/rino/deploy/lib64/python3.9/site-packages/fastapi/applications.py", line 1054, in __call__
    await super().__call__(scope, receive, send)
  File "/home/rino/deploy/lib64/python3.9/site-packages/starlette/applications.py", line 112, in __call__
    await self.middleware_stack(scope, receive, send)
  File "/home/rino/deploy/lib64/python3.9/site-packages/starlette/middleware/errors.py", line 187, in __call__
    raise exc
  File "/home/rino/deploy/lib64/python3.9/site-packages/starlette/middleware/errors.py", line 165, in __call__
    await self.app(scope, receive, _send)
  File "/home/rino/deploy/lib64/python3.9/site-packages/starlette/middleware/cors.py", line 93, in __call__
    await self.simple_response(scope, receive, send, request_headers=headers)
  File "/home/rino/deploy/lib64/python3.9/site-packages/starlette/middleware/cors.py", line 144, in simple_response
    await self.app(scope, receive, send)
  File "/home/rino/deploy/lib64/python3.9/site-packages/starlette/middleware/exceptions.py", line 62, in __call__
    await wrap_app_handling_exceptions(self.app, conn)(scope, receive, send)
  File "/home/rino/deploy/lib64/python3.9/site-packages/starlette/_exception_handler.py", line 53, in wrapped_app
    raise exc
  File "/home/rino/deploy/lib64/python3.9/site-packages/starlette/_exception_handler.py", line 42, in wrapped_app
    await app(scope, receive, sender)
  File "/home/rino/deploy/lib64/python3.9/site-packages/starlette/routing.py", line 714, in __call__
    await self.middleware_stack(scope, receive, send)
  File "/home/rino/deploy/lib64/python3.9/site-packages/starlette/routing.py", line 734, in app
    await route.handle(scope, receive, send)
  File "/home/rino/deploy/lib64/python3.9/site-packages/starlette/routing.py", line 288, in handle
    await self.app(scope, receive, send)
  File "/home/rino/deploy/lib64/python3.9/site-packages/starlette/routing.py", line 76, in app
    await wrap_app_handling_exceptions(app, request)(scope, receive, send)
  File "/home/rino/deploy/lib64/python3.9/site-packages/starlette/_exception_handler.py", line 53, in wrapped_app
    raise exc
  File "/home/rino/deploy/lib64/python3.9/site-packages/starlette/_exception_handler.py", line 42, in wrapped_app
    await app(scope, receive, sender)
  File "/home/rino/deploy/lib64/python3.9/site-packages/starlette/routing.py", line 73, in app
    response = await f(request)
  File "/home/rino/deploy/lib64/python3.9/site-packages/fastapi/routing.py", line 301, in app
    raw_response = await run_endpoint_function(
  File "/home/rino/deploy/lib64/python3.9/site-packages/fastapi/routing.py", line 214, in run_endpoint_function
    return await run_in_threadpool(dependant.call, **values)
  File "/home/rino/deploy/lib64/python3.9/site-packages/starlette/concurrency.py", line 37, in run_in_threadpool
    return await anyio.to_thread.run_sync(func)
  File "/home/rino/deploy/lib64/python3.9/site-packages/anyio/to_thread.py", line 56, in run_sync
    return await get_async_backend().run_sync_in_worker_thread(
  File "/home/rino/deploy/lib64/python3.9/site-packages/anyio/_backends/_asyncio.py", line 2470, in run_sync_in_worker_thread
    return await future
  File "/home/rino/deploy/lib64/python3.9/site-packages/anyio/_backends/_asyncio.py", line 967, in run
    result = context.run(func, *args)
  File "/home/rino/deploy/backend/main.py", line 135, in ask_question
    max_ctx = get_memoire_contextuelle(req.chatbot_id)
  File "/home/rino/deploy/backend/main.py", line 88, in get_memoire_contextuelle
    return int(response.data.get("memoire_contextuelle", 0))
TypeError: int() argument must be a string, a bytes-like object or a number, not 'NoneType'
INFO:     102.17.105.208:0 - "POST /ask HTTP/1.0" 500 Internal Server Error
ERROR:    Exception in ASGI application
Traceback (most recent call last):
  File "/home/rino/deploy/lib64/python3.9/site-packages/uvicorn/protocols/http/h11_impl.py", line 403, in run_asgi
    result = await app(  # type: ignore[func-returns-value]
  File "/home/rino/deploy/lib64/python3.9/site-packages/uvicorn/middleware/proxy_headers.py", line 60, in __call__
    return await self.app(scope, receive, send)
  File "/home/rino/deploy/lib64/python3.9/site-packages/fastapi/applications.py", line 1054, in __call__
    await super().__call__(scope, receive, send)
  File "/home/rino/deploy/lib64/python3.9/site-packages/starlette/applications.py", line 112, in __call__
    await self.middleware_stack(scope, receive, send)
  File "/home/rino/deploy/lib64/python3.9/site-packages/starlette/middleware/errors.py", line 187, in __call__
    raise exc
  File "/home/rino/deploy/lib64/python3.9/site-packages/starlette/middleware/errors.py", line 165, in __call__
    await self.app(scope, receive, _send)
  File "/home/rino/deploy/lib64/python3.9/site-packages/starlette/middleware/cors.py", line 93, in __call__
    await self.simple_response(scope, receive, send, request_headers=headers)
  File "/home/rino/deploy/lib64/python3.9/site-packages/starlette/middleware/cors.py", line 144, in simple_response
    await self.app(scope, receive, send)
  File "/home/rino/deploy/lib64/python3.9/site-packages/starlette/middleware/exceptions.py", line 62, in __call__
    await wrap_app_handling_exceptions(self.app, conn)(scope, receive, send)
  File "/home/rino/deploy/lib64/python3.9/site-packages/starlette/_exception_handler.py", line 53, in wrapped_app
    raise exc
  File "/home/rino/deploy/lib64/python3.9/site-packages/starlette/_exception_handler.py", line 42, in wrapped_app
    await app(scope, receive, sender)
  File "/home/rino/deploy/lib64/python3.9/site-packages/starlette/routing.py", line 714, in __call__
    await self.middleware_stack(scope, receive, send)
  File "/home/rino/deploy/lib64/python3.9/site-packages/starlette/routing.py", line 734, in app
    await route.handle(scope, receive, send)
  File "/home/rino/deploy/lib64/python3.9/site-packages/starlette/routing.py", line 288, in handle
    await self.app(scope, receive, send)
  File "/home/rino/deploy/lib64/python3.9/site-packages/starlette/routing.py", line 76, in app
    await wrap_app_handling_exceptions(app, request)(scope, receive, send)
  File "/home/rino/deploy/lib64/python3.9/site-packages/starlette/_exception_handler.py", line 53, in wrapped_app
    raise exc
  File "/home/rino/deploy/lib64/python3.9/site-packages/starlette/_exception_handler.py", line 42, in wrapped_app
    await app(scope, receive, sender)
  File "/home/rino/deploy/lib64/python3.9/site-packages/starlette/routing.py", line 73, in app
    response = await f(request)
  File "/home/rino/deploy/lib64/python3.9/site-packages/fastapi/routing.py", line 301, in app
    raw_response = await run_endpoint_function(
  File "/home/rino/deploy/lib64/python3.9/site-packages/fastapi/routing.py", line 214, in run_endpoint_function
    return await run_in_threadpool(dependant.call, **values)
  File "/home/rino/deploy/lib64/python3.9/site-packages/starlette/concurrency.py", line 37, in run_in_threadpool
    return await anyio.to_thread.run_sync(func)
  File "/home/rino/deploy/lib64/python3.9/site-packages/anyio/to_thread.py", line 56, in run_sync
    return await get_async_backend().run_sync_in_worker_thread(
  File "/home/rino/deploy/lib64/python3.9/site-packages/anyio/_backends/_asyncio.py", line 2470, in run_sync_in_worker_thread
    return await future
  File "/home/rino/deploy/lib64/python3.9/site-packages/anyio/_backends/_asyncio.py", line 967, in run
    result = context.run(func, *args)
  File "/home/rino/deploy/backend/main.py", line 135, in ask_question
    max_ctx = get_memoire_contextuelle(req.chatbot_id)
  File "/home/rino/deploy/backend/main.py", line 88, in get_memoire_contextuelle
    return int(response.data.get("memoire_contextuelle", 0))
TypeError: int() argument must be a string, a bytes-like object or a number, not 'NoneType'
WARNING:  StatReload detected changes in 'main.py'. Reloading...
INFO:     Shutting down
INFO:     Waiting for application shutdown.
INFO:     Application shutdown complete.
INFO:     Finished server process [948285]
INFO:     Started server process [948616]
INFO:     Waiting for application startup.
INFO:     Application startup complete.
INFO:     102.17.105.208:0 - "POST /ask HTTP/1.0" 500 Internal Server Error
ERROR:    Exception in ASGI application
Traceback (most recent call last):
  File "/home/rino/deploy/lib64/python3.9/site-packages/uvicorn/protocols/http/h11_impl.py", line 403, in run_asgi
    result = await app(  # type: ignore[func-returns-value]
  File "/home/rino/deploy/lib64/python3.9/site-packages/uvicorn/middleware/proxy_headers.py", line 60, in __call__
    return await self.app(scope, receive, send)
  File "/home/rino/deploy/lib64/python3.9/site-packages/fastapi/applications.py", line 1054, in __call__
    await super().__call__(scope, receive, send)
  File "/home/rino/deploy/lib64/python3.9/site-packages/starlette/applications.py", line 112, in __call__
    await self.middleware_stack(scope, receive, send)
  File "/home/rino/deploy/lib64/python3.9/site-packages/starlette/middleware/errors.py", line 187, in __call__
    raise exc
  File "/home/rino/deploy/lib64/python3.9/site-packages/starlette/middleware/errors.py", line 165, in __call__
    await self.app(scope, receive, _send)
  File "/home/rino/deploy/lib64/python3.9/site-packages/starlette/middleware/cors.py", line 93, in __call__
    await self.simple_response(scope, receive, send, request_headers=headers)
  File "/home/rino/deploy/lib64/python3.9/site-packages/starlette/middleware/cors.py", line 144, in simple_response
    await self.app(scope, receive, send)
  File "/home/rino/deploy/lib64/python3.9/site-packages/starlette/middleware/exceptions.py", line 62, in __call__
    await wrap_app_handling_exceptions(self.app, conn)(scope, receive, send)
  File "/home/rino/deploy/lib64/python3.9/site-packages/starlette/_exception_handler.py", line 53, in wrapped_app
    raise exc
  File "/home/rino/deploy/lib64/python3.9/site-packages/starlette/_exception_handler.py", line 42, in wrapped_app
    await app(scope, receive, sender)
  File "/home/rino/deploy/lib64/python3.9/site-packages/starlette/routing.py", line 714, in __call__
    await self.middleware_stack(scope, receive, send)
  File "/home/rino/deploy/lib64/python3.9/site-packages/starlette/routing.py", line 734, in app
    await route.handle(scope, receive, send)
  File "/home/rino/deploy/lib64/python3.9/site-packages/starlette/routing.py", line 288, in handle
    await self.app(scope, receive, send)
  File "/home/rino/deploy/lib64/python3.9/site-packages/starlette/routing.py", line 76, in app
    await wrap_app_handling_exceptions(app, request)(scope, receive, send)
  File "/home/rino/deploy/lib64/python3.9/site-packages/starlette/_exception_handler.py", line 53, in wrapped_app
    raise exc
  File "/home/rino/deploy/lib64/python3.9/site-packages/starlette/_exception_handler.py", line 42, in wrapped_app
    await app(scope, receive, sender)
  File "/home/rino/deploy/lib64/python3.9/site-packages/starlette/routing.py", line 73, in app
    response = await f(request)
  File "/home/rino/deploy/lib64/python3.9/site-packages/fastapi/routing.py", line 301, in app
    raw_response = await run_endpoint_function(
  File "/home/rino/deploy/lib64/python3.9/site-packages/fastapi/routing.py", line 214, in run_endpoint_function
    return await run_in_threadpool(dependant.call, **values)
  File "/home/rino/deploy/lib64/python3.9/site-packages/starlette/concurrency.py", line 37, in run_in_threadpool
    return await anyio.to_thread.run_sync(func)
  File "/home/rino/deploy/lib64/python3.9/site-packages/anyio/to_thread.py", line 56, in run_sync
    return await get_async_backend().run_sync_in_worker_thread(
  File "/home/rino/deploy/lib64/python3.9/site-packages/anyio/_backends/_asyncio.py", line 2470, in run_sync_in_worker_thread
    return await future
  File "/home/rino/deploy/lib64/python3.9/site-packages/anyio/_backends/_asyncio.py", line 967, in run
    result = context.run(func, *args)
  File "/home/rino/deploy/backend/main.py", line 136, in ask_question
    context_messages = req.history[-max_ctx:]  # garder les derniers messages uniquement
TypeError: bad operand type for unary -: 'NoneType'
WARNING:  StatReload detected changes in 'main.py'. Reloading...
INFO:     Shutting down
INFO:     Waiting for application shutdown.
INFO:     Application shutdown complete.
INFO:     Finished server process [948616]
INFO:     Started server process [948797]
INFO:     Waiting for application startup.
INFO:     Application startup complete.
extracted sql: SELECT * FROM "Employee" WHERE "Title" = 'DSI';
INFO:     102.17.105.208:0 - "POST /ask HTTP/1.0" 200 OK
extracted sql: None
INFO:     102.17.105.208:0 - "POST /ask HTTP/1.0" 200 OK
extracted sql: None
INFO:     102.17.105.208:0 - "POST /ask HTTP/1.0" 200 OK
extracted sql: None
INFO:     102.17.105.208:0 - "POST /ask HTTP/1.0" 200 OK
extracted sql: None
INFO:     102.17.105.208:0 - "POST /ask HTTP/1.0" 200 OK
extracted sql: SELECT * FROM "Employee" WHERE "Title" = 'IT Staff';
INFO:     102.17.105.208:0 - "POST /ask HTTP/1.0" 200 OK
extracted sql: None
INFO:     102.17.105.208:0 - "POST /ask HTTP/1.0" 200 OK
extracted sql: None
INFO:     102.17.105.208:0 - "POST /ask HTTP/1.0" 200 OK
WARNING:  StatReload detected changes in 'rag/rag_engine.py'. Reloading...
INFO:     Shutting down
INFO:     Waiting for application shutdown.
INFO:     Application shutdown complete.
INFO:     Finished server process [948797]
INFO:     Started server process [949937]
INFO:     Waiting for application startup.
INFO:     Application startup complete.
INFO:     102.17.105.208:0 - "OPTIONS /ask HTTP/1.0" 200 OK
extracted sql: None
INFO:     102.17.105.208:0 - "POST /ask HTTP/1.0" 200 OK
extracted sql: SELECT "HireDate" 
FROM "Employee" 
WHERE "FirstName" = 'Nancy' AND "LastName" = 'Edwards';
INFO:     102.17.105.208:0 - "POST /ask HTTP/1.0" 200 OK
[Erreur chargement SQL reasoning ou schéma] : {'message': 'JSON object requested, multiple (or no) rows returned', 'code': 'PGRST116', 'hint': None, 'details': 'The result contains 2 rows'}
INFO:     102.17.105.208:0 - "POST /ask HTTP/1.0" 200 OK
[Erreur chargement SQL reasoning ou schéma] : {'message': 'JSON object requested, multiple (or no) rows returned', 'code': 'PGRST116', 'hint': None, 'details': 'The result contains 2 rows'}
INFO:     102.17.105.208:0 - "POST /ask HTTP/1.0" 200 OK
[Erreur chargement SQL reasoning ou schéma] : {'message': 'JSON object requested, multiple (or no) rows returned', 'code': 'PGRST116', 'hint': None, 'details': 'The result contains 2 rows'}
INFO:     102.17.105.208:0 - "POST /ask HTTP/1.0" 200 OK
[Erreur chargement SQL reasoning ou schéma] : {'message': 'JSON object requested, multiple (or no) rows returned', 'code': 'PGRST116', 'hint': None, 'details': 'The result contains 2 rows'}
INFO:     102.17.105.208:0 - "POST /ask HTTP/1.0" 200 OK
WARNING:  StatReload detected changes in 'rag/rag_engine.py'. Reloading...
INFO:     Shutting down
INFO:     Waiting for application shutdown.
INFO:     Application shutdown complete.
INFO:     Finished server process [949937]
INFO:     Started server process [951040]
INFO:     Waiting for application startup.
INFO:     Application startup complete.
